<?xml version="1.0" encoding="UTF-8"?>
<!-- Generated by org.testng.reporters.JUnitReportReporter -->
<testsuite skipped="0" hostname="LAPTOP-CJ63G7LO" name="com.talbot.qa.testcases.GiftCartPageTest" tests="1" failures="0" timestamp="2021-08-26T15:58:39 CDT" time="10.784" errors="0">
  <testcase name="LocationPageTest" time="10.784" classname="com.talbot.qa.testcases.GiftCartPageTest"/>
  <system-out/>
</testsuite> <!-- com.talbot.qa.testcases.GiftCartPageTest -->
